<?xml version="1.0" encoding="UTF-8"?>
<!-- Generated by org.testng.reporters.JUnitReportReporter -->
<testsuite hostname="LAPTOP-D4U54S7U" failures="0" tests="1" name="com.w3schools.tests.SignUpTest" time="9.848" errors="0" timestamp="2023-04-04T10:24:35 IST" skipped="0">
  <testcase classname="com.w3schools.tests.SignUpTest" name="signUpW3Schools" time="9.848"/>
  <system-out/>
</testsuite> <!-- com.w3schools.tests.SignUpTest -->
